CRITICAL - 2022-09-29 00:30:31 --> Undefined constant "this"
in APPPATH\Views\registrasi.php on line 3.
 1 SYSTEMPATH\View\View.php(213): include()
 2 SYSTEMPATH\View\View.php(216): CodeIgniter\View\View->CodeIgniter\View\{closure}()
 3 SYSTEMPATH\Common.php(1142): CodeIgniter\View\View->render('registrasi', [], true)
 4 APPPATH\Controllers\AuthController.php(15): view('registrasi')
 5 SYSTEMPATH\CodeIgniter.php(907): App\Controllers\AuthController->registrasi()
 6 SYSTEMPATH\CodeIgniter.php(457): CodeIgniter\CodeIgniter->runController(Object(App\Controllers\AuthController))
 7 SYSTEMPATH\CodeIgniter.php(340): CodeIgniter\CodeIgniter->handleRequest(null, Object(Config\Cache), false)
 8 FCPATH\index.php(67): CodeIgniter\CodeIgniter->run()
 9 SYSTEMPATH\Commands\Server\rewrite.php(43): require_once('FCPATH\\index.php')
CRITICAL - 2022-09-29 00:32:46 --> Undefined variable $thid
in APPPATH\Views\registrasi.php on line 33.
 1 APPPATH\Views\registrasi.php(33): CodeIgniter\Debug\Exceptions->errorHandler(2, 'Undefined variable $thid', 'APPPATH\\Views\\registrasi.php', 33)
 2 SYSTEMPATH\View\View.php(213): include('APPPATH\\Views\\registrasi.php')
 3 SYSTEMPATH\View\View.php(216): CodeIgniter\View\View->CodeIgniter\View\{closure}()
 4 SYSTEMPATH\Common.php(1142): CodeIgniter\View\View->render('registrasi', [], true)
 5 APPPATH\Controllers\AuthController.php(15): view('registrasi')
 6 SYSTEMPATH\CodeIgniter.php(907): App\Controllers\AuthController->registrasi()
 7 SYSTEMPATH\CodeIgniter.php(457): CodeIgniter\CodeIgniter->runController(Object(App\Controllers\AuthController))
 8 SYSTEMPATH\CodeIgniter.php(340): CodeIgniter\CodeIgniter->handleRequest(null, Object(Config\Cache), false)
 9 FCPATH\index.php(67): CodeIgniter\CodeIgniter->run()
10 SYSTEMPATH\Commands\Server\rewrite.php(43): require_once('FCPATH\\index.php')
CRITICAL - 2022-09-29 00:32:47 --> Undefined variable $thid
in APPPATH\Views\registrasi.php on line 33.
 1 APPPATH\Views\registrasi.php(33): CodeIgniter\Debug\Exceptions->errorHandler(2, 'Undefined variable $thid', 'APPPATH\\Views\\registrasi.php', 33)
 2 SYSTEMPATH\View\View.php(213): include('APPPATH\\Views\\registrasi.php')
 3 SYSTEMPATH\View\View.php(216): CodeIgniter\View\View->CodeIgniter\View\{closure}()
 4 SYSTEMPATH\Common.php(1142): CodeIgniter\View\View->render('registrasi', [], true)
 5 APPPATH\Controllers\AuthController.php(15): view('registrasi')
 6 SYSTEMPATH\CodeIgniter.php(907): App\Controllers\AuthController->registrasi()
 7 SYSTEMPATH\CodeIgniter.php(457): CodeIgniter\CodeIgniter->runController(Object(App\Controllers\AuthController))
 8 SYSTEMPATH\CodeIgniter.php(340): CodeIgniter\CodeIgniter->handleRequest(null, Object(Config\Cache), false)
 9 FCPATH\index.php(67): CodeIgniter\CodeIgniter->run()
10 SYSTEMPATH\Commands\Server\rewrite.php(43): require_once('FCPATH\\index.php')
CRITICAL - 2022-09-29 01:16:14 --> Undefined property: App\Controllers\AuthController::$model
in APPPATH\Controllers\AuthController.php on line 41.
 1 APPPATH\Controllers\AuthController.php(41): CodeIgniter\Debug\Exceptions->errorHandler(2, 'Undefined property: App\\Controllers\\AuthController::$model', 'APPPATH\\Controllers\\AuthController.php', 41)
 2 SYSTEMPATH\CodeIgniter.php(907): App\Controllers\AuthController->simpanRegistrasi()
 3 SYSTEMPATH\CodeIgniter.php(457): CodeIgniter\CodeIgniter->runController(Object(App\Controllers\AuthController))
 4 SYSTEMPATH\CodeIgniter.php(340): CodeIgniter\CodeIgniter->handleRequest(null, Object(Config\Cache), false)
 5 FCPATH\index.php(67): CodeIgniter\CodeIgniter->run()
 6 SYSTEMPATH\Commands\Server\rewrite.php(43): require_once('FCPATH\\index.php')
CRITICAL - 2022-09-29 01:19:52 --> Undefined property: App\Controllers\AuthController::$model
in APPPATH\Controllers\AuthController.php on line 41.
 1 APPPATH\Controllers\AuthController.php(41): CodeIgniter\Debug\Exceptions->errorHandler(2, 'Undefined property: App\\Controllers\\AuthController::$model', 'APPPATH\\Controllers\\AuthController.php', 41)
 2 SYSTEMPATH\CodeIgniter.php(907): App\Controllers\AuthController->simpanRegistrasi()
 3 SYSTEMPATH\CodeIgniter.php(457): CodeIgniter\CodeIgniter->runController(Object(App\Controllers\AuthController))
 4 SYSTEMPATH\CodeIgniter.php(340): CodeIgniter\CodeIgniter->handleRequest(null, Object(Config\Cache), false)
 5 FCPATH\index.php(67): CodeIgniter\CodeIgniter->run()
 6 SYSTEMPATH\Commands\Server\rewrite.php(43): require_once('FCPATH\\index.php')
CRITICAL - 2022-09-29 01:19:56 --> Undefined property: App\Controllers\AuthController::$model
in APPPATH\Controllers\AuthController.php on line 41.
 1 APPPATH\Controllers\AuthController.php(41): CodeIgniter\Debug\Exceptions->errorHandler(2, 'Undefined property: App\\Controllers\\AuthController::$model', 'APPPATH\\Controllers\\AuthController.php', 41)
 2 SYSTEMPATH\CodeIgniter.php(907): App\Controllers\AuthController->simpanRegistrasi()
 3 SYSTEMPATH\CodeIgniter.php(457): CodeIgniter\CodeIgniter->runController(Object(App\Controllers\AuthController))
 4 SYSTEMPATH\CodeIgniter.php(340): CodeIgniter\CodeIgniter->handleRequest(null, Object(Config\Cache), false)
 5 FCPATH\index.php(67): CodeIgniter\CodeIgniter->run()
 6 SYSTEMPATH\Commands\Server\rewrite.php(43): require_once('FCPATH\\index.php')
CRITICAL - 2022-09-29 01:20:37 --> Undefined property: App\Controllers\AuthController::$model
in APPPATH\Controllers\AuthController.php on line 41.
 1 APPPATH\Controllers\AuthController.php(41): CodeIgniter\Debug\Exceptions->errorHandler(2, 'Undefined property: App\\Controllers\\AuthController::$model', 'APPPATH\\Controllers\\AuthController.php', 41)
 2 SYSTEMPATH\CodeIgniter.php(907): App\Controllers\AuthController->simpanRegistrasi()
 3 SYSTEMPATH\CodeIgniter.php(457): CodeIgniter\CodeIgniter->runController(Object(App\Controllers\AuthController))
 4 SYSTEMPATH\CodeIgniter.php(340): CodeIgniter\CodeIgniter->handleRequest(null, Object(Config\Cache), false)
 5 FCPATH\index.php(67): CodeIgniter\CodeIgniter->run()
 6 SYSTEMPATH\Commands\Server\rewrite.php(43): require_once('FCPATH\\index.php')
ERROR - 2022-09-29 23:21:05 --> Error connecting to the database: mysqli_sql_exception: No connection could be made because the target machine actively refused it in C:\xampp\htdocs\ci4meisya\vendor\codeigniter4\framework\system\Database\MySQLi\Connection.php:171
Stack trace:
#0 C:\xampp\htdocs\ci4meisya\vendor\codeigniter4\framework\system\Database\MySQLi\Connection.php(171): mysqli->real_connect('localhost', 'root', '', 'ci4', 3306, '', 0)
#1 C:\xampp\htdocs\ci4meisya\vendor\codeigniter4\framework\system\Database\BaseConnection.php(382): CodeIgniter\Database\MySQLi\Connection->connect(false)
#2 C:\xampp\htdocs\ci4meisya\vendor\codeigniter4\framework\system\Database\BaseConnection.php(588): CodeIgniter\Database\BaseConnection->initialize()
#3 C:\xampp\htdocs\ci4meisya\vendor\codeigniter4\framework\system\Database\BaseBuilder.php(1585): CodeIgniter\Database\BaseConnection->query('SELECT 1\nFROM `...', Array, false)
#4 C:\xampp\htdocs\ci4meisya\vendor\codeigniter4\framework\system\Validation\Rules.php(142): CodeIgniter\Database\BaseBuilder->get()
#5 C:\xampp\htdocs\ci4meisya\vendor\codeigniter4\framework\system\Validation\Validation.php(315): CodeIgniter\Validation\Rules->is_unique('meisyachan123@g...', 'email', Array, NULL)
#6 C:\xampp\htdocs\ci4meisya\vendor\codeigniter4\framework\system\Validation\Validation.php(175): CodeIgniter\Validation\Validation->processRules('email', 'email', 'meisyachan123@g...', Array, Array)
#7 C:\xampp\htdocs\ci4meisya\app\Controllers\AuthController.php(40): CodeIgniter\Validation\Validation->run(Array)
#8 C:\xampp\htdocs\ci4meisya\vendor\codeigniter4\framework\system\CodeIgniter.php(907): App\Controllers\AuthController->simpanRegistrasi()
#9 C:\xampp\htdocs\ci4meisya\vendor\codeigniter4\framework\system\CodeIgniter.php(457): CodeIgniter\CodeIgniter->runController(Object(App\Controllers\AuthController))
#10 C:\xampp\htdocs\ci4meisya\vendor\codeigniter4\framework\system\CodeIgniter.php(340): CodeIgniter\CodeIgniter->handleRequest(NULL, Object(Config\Cache), false)
#11 C:\xampp\htdocs\ci4meisya\public\index.php(67): CodeIgniter\CodeIgniter->run()
#12 C:\xampp\htdocs\ci4meisya\vendor\codeigniter4\framework\system\Commands\Server\rewrite.php(43): require_once('C:\\xampp\\htdocs...')
#13 {main}

Next CodeIgniter\Database\Exceptions\DatabaseException: No connection could be made because the target machine actively refused it in C:\xampp\htdocs\ci4meisya\vendor\codeigniter4\framework\system\Database\MySQLi\Connection.php:215
Stack trace:
#0 C:\xampp\htdocs\ci4meisya\vendor\codeigniter4\framework\system\Database\BaseConnection.php(382): CodeIgniter\Database\MySQLi\Connection->connect(false)
#1 C:\xampp\htdocs\ci4meisya\vendor\codeigniter4\framework\system\Database\BaseConnection.php(588): CodeIgniter\Database\BaseConnection->initialize()
#2 C:\xampp\htdocs\ci4meisya\vendor\codeigniter4\framework\system\Database\BaseBuilder.php(1585): CodeIgniter\Database\BaseConnection->query('SELECT 1\nFROM `...', Array, false)
#3 C:\xampp\htdocs\ci4meisya\vendor\codeigniter4\framework\system\Validation\Rules.php(142): CodeIgniter\Database\BaseBuilder->get()
#4 C:\xampp\htdocs\ci4meisya\vendor\codeigniter4\framework\system\Validation\Validation.php(315): CodeIgniter\Validation\Rules->is_unique('meisyachan123@g...', 'email', Array, NULL)
#5 C:\xampp\htdocs\ci4meisya\vendor\codeigniter4\framework\system\Validation\Validation.php(175): CodeIgniter\Validation\Validation->processRules('email', 'email', 'meisyachan123@g...', Array, Array)
#6 C:\xampp\htdocs\ci4meisya\app\Controllers\AuthController.php(40): CodeIgniter\Validation\Validation->run(Array)
#7 C:\xampp\htdocs\ci4meisya\vendor\codeigniter4\framework\system\CodeIgniter.php(907): App\Controllers\AuthController->simpanRegistrasi()
#8 C:\xampp\htdocs\ci4meisya\vendor\codeigniter4\framework\system\CodeIgniter.php(457): CodeIgniter\CodeIgniter->runController(Object(App\Controllers\AuthController))
#9 C:\xampp\htdocs\ci4meisya\vendor\codeigniter4\framework\system\CodeIgniter.php(340): CodeIgniter\CodeIgniter->handleRequest(NULL, Object(Config\Cache), false)
#10 C:\xampp\htdocs\ci4meisya\public\index.php(67): CodeIgniter\CodeIgniter->run()
#11 C:\xampp\htdocs\ci4meisya\vendor\codeigniter4\framework\system\Commands\Server\rewrite.php(43): require_once('C:\\xampp\\htdocs...')
#12 {main}
CRITICAL - 2022-09-29 23:21:05 --> Unable to connect to the database.
Main connection [MySQLi]: No connection could be made because the target machine actively refused it
in SYSTEMPATH\Database\BaseConnection.php on line 418.
 1 SYSTEMPATH\Database\BaseConnection.php(588): CodeIgniter\Database\BaseConnection->initialize()
 2 SYSTEMPATH\Database\BaseBuilder.php(1585): CodeIgniter\Database\BaseConnection->query('SELECT 1
FROM `users`
WHERE `email` = :email:
 LIMIT 1', [...], false)
 3 SYSTEMPATH\Validation\Rules.php(142): CodeIgniter\Database\BaseBuilder->get()
 4 SYSTEMPATH\Validation\Validation.php(315): CodeIgniter\Validation\Rules->is_unique('meisyachan123@gmail.com', 'email', [...], null)
 5 SYSTEMPATH\Validation\Validation.php(175): CodeIgniter\Validation\Validation->processRules('email', 'email', 'meisyachan123@gmail.com', [...], [...])
 6 APPPATH\Controllers\AuthController.php(40): CodeIgniter\Validation\Validation->run([...])
 7 SYSTEMPATH\CodeIgniter.php(907): App\Controllers\AuthController->simpanRegistrasi()
 8 SYSTEMPATH\CodeIgniter.php(457): CodeIgniter\CodeIgniter->runController(Object(App\Controllers\AuthController))
 9 SYSTEMPATH\CodeIgniter.php(340): CodeIgniter\CodeIgniter->handleRequest(null, Object(Config\Cache), false)
10 FCPATH\index.php(67): CodeIgniter\CodeIgniter->run()
11 SYSTEMPATH\Commands\Server\rewrite.php(43): require_once('FCPATH\\index.php')
CRITICAL - 2022-09-29 23:23:21 --> Undefined property: App\Controllers\AuthController::$model
in APPPATH\Controllers\AuthController.php on line 41.
 1 APPPATH\Controllers\AuthController.php(41): CodeIgniter\Debug\Exceptions->errorHandler(2, 'Undefined property: App\\Controllers\\AuthController::$model', 'APPPATH\\Controllers\\AuthController.php', 41)
 2 SYSTEMPATH\CodeIgniter.php(907): App\Controllers\AuthController->simpanRegistrasi()
 3 SYSTEMPATH\CodeIgniter.php(457): CodeIgniter\CodeIgniter->runController(Object(App\Controllers\AuthController))
 4 SYSTEMPATH\CodeIgniter.php(340): CodeIgniter\CodeIgniter->handleRequest(null, Object(Config\Cache), false)
 5 FCPATH\index.php(67): CodeIgniter\CodeIgniter->run()
 6 SYSTEMPATH\Commands\Server\rewrite.php(43): require_once('FCPATH\\index.php')
CRITICAL - 2022-09-29 23:30:49 --> Undefined property: App\Controllers\AuthController::$model
in APPPATH\Controllers\AuthController.php on line 41.
 1 APPPATH\Controllers\AuthController.php(41): CodeIgniter\Debug\Exceptions->errorHandler(2, 'Undefined property: App\\Controllers\\AuthController::$model', 'APPPATH\\Controllers\\AuthController.php', 41)
 2 SYSTEMPATH\CodeIgniter.php(907): App\Controllers\AuthController->simpanRegistrasi()
 3 SYSTEMPATH\CodeIgniter.php(457): CodeIgniter\CodeIgniter->runController(Object(App\Controllers\AuthController))
 4 SYSTEMPATH\CodeIgniter.php(340): CodeIgniter\CodeIgniter->handleRequest(null, Object(Config\Cache), false)
 5 FCPATH\index.php(67): CodeIgniter\CodeIgniter->run()
 6 SYSTEMPATH\Commands\Server\rewrite.php(43): require_once('FCPATH\\index.php')
CRITICAL - 2022-09-29 23:30:53 --> Undefined property: App\Controllers\AuthController::$model
in APPPATH\Controllers\AuthController.php on line 41.
 1 APPPATH\Controllers\AuthController.php(41): CodeIgniter\Debug\Exceptions->errorHandler(2, 'Undefined property: App\\Controllers\\AuthController::$model', 'APPPATH\\Controllers\\AuthController.php', 41)
 2 SYSTEMPATH\CodeIgniter.php(907): App\Controllers\AuthController->simpanRegistrasi()
 3 SYSTEMPATH\CodeIgniter.php(457): CodeIgniter\CodeIgniter->runController(Object(App\Controllers\AuthController))
 4 SYSTEMPATH\CodeIgniter.php(340): CodeIgniter\CodeIgniter->handleRequest(null, Object(Config\Cache), false)
 5 FCPATH\index.php(67): CodeIgniter\CodeIgniter->run()
 6 SYSTEMPATH\Commands\Server\rewrite.php(43): require_once('FCPATH\\index.php')
CRITICAL - 2022-09-29 23:40:45 --> Undefined property: App\Controllers\AuthController::$model
in APPPATH\Controllers\AuthController.php on line 41.
 1 APPPATH\Controllers\AuthController.php(41): CodeIgniter\Debug\Exceptions->errorHandler(2, 'Undefined property: App\\Controllers\\AuthController::$model', 'APPPATH\\Controllers\\AuthController.php', 41)
 2 SYSTEMPATH\CodeIgniter.php(907): App\Controllers\AuthController->simpanRegistrasi()
 3 SYSTEMPATH\CodeIgniter.php(457): CodeIgniter\CodeIgniter->runController(Object(App\Controllers\AuthController))
 4 SYSTEMPATH\CodeIgniter.php(340): CodeIgniter\CodeIgniter->handleRequest(null, Object(Config\Cache), false)
 5 FCPATH\index.php(67): CodeIgniter\CodeIgniter->run()
 6 SYSTEMPATH\Commands\Server\rewrite.php(43): require_once('FCPATH\\index.php')
